[01m[K/home/nikolavukas/exercises_ws/src/action_exercise/src/charging_server.cpp:[m[K In member function â€˜[01m[Kvoid ChargingAction::executeCB(const ChargingGoalConstPtr&)[m[Kâ€™:
[01m[K/home/nikolavukas/exercises_ws/src/action_exercise/src/charging_server.cpp:29:9:[m[K [01;31m[Kerror: [m[Kâ€˜[01m[Ksuccess[m[Kâ€™ was not declared in this scope
   29 |         [01;31m[Ksuccess[m[K = true;
      |         [01;31m[K^~~~~~~[m[K
[01m[K/home/nikolavukas/exercises_ws/src/action_exercise/src/charging_server.cpp:29:9:[m[K [01;36m[Knote: [m[Ksuggested alternatives:
In file included from [01m[K/usr/include/boost/exception/detail/exception_ptr.hpp:16[m[K,
                 from [01m[K/usr/include/boost/exception_ptr.hpp:9[m[K,
                 from [01m[K/usr/include/boost/thread/exceptional_ptr.hpp:10[m[K,
                 from [01m[K/usr/include/boost/thread/future.hpp:34[m[K,
                 from [01m[K/usr/include/boost/thread.hpp:24[m[K,
                 from [01m[K/opt/ros/noetic/include/actionlib/server/action_server.h:41[m[K,
                 from [01m[K/opt/ros/noetic/include/actionlib/server/simple_action_server.h:42[m[K,
                 from [01m[K/home/nikolavukas/exercises_ws/src/action_exercise/src/charging_server.cpp:2[m[K:
[01m[K/usr/include/boost/exception/detail/clone_current_exception.hpp:34:23:[m[K [01;36m[Knote: [m[K  â€˜[01m[Kboost::exception_detail::clone_current_exception_result::success[m[Kâ€™
   34 |             int const [01;36m[Ksuccess[m[K=0;
      |                       [01;36m[K^~~~~~~[m[K
In file included from [01m[K/usr/include/boost/system/system_error.hpp:11[m[K,
                 from [01m[K/usr/include/boost/thread/exceptions.hpp:22[m[K,
                 from [01m[K/usr/include/boost/thread/pthread/mutex.hpp:14[m[K,
                 from [01m[K/usr/include/boost/thread/mutex.hpp:16[m[K,
                 from [01m[K/opt/ros/noetic/include/ros/publisher.h:36[m[K,
                 from [01m[K/opt/ros/noetic/include/ros/node_handle.h:32[m[K,
                 from [01m[K/opt/ros/noetic/include/ros/ros.h:45[m[K,
                 from [01m[K/home/nikolavukas/exercises_ws/src/action_exercise/src/charging_server.cpp:1[m[K:
[01m[K/usr/include/boost/system/error_code.hpp:62:5:[m[K [01;36m[Knote: [m[K  â€˜[01m[Kboost::system::errc::success[m[Kâ€™
   62 |     [01;36m[Ksuccess[m[K = 0,
      |     [01;36m[K^~~~~~~[m[K
[01m[K/home/nikolavukas/exercises_ws/src/action_exercise/src/charging_client.cpp:[m[K In function â€˜[01m[Kint main(int, char**)[m[Kâ€™:
[01m[K/home/nikolavukas/exercises_ws/src/action_exercise/src/charging_client.cpp:12:5:[m[K [01;31m[Kerror: [m[Kâ€˜[01m[Kaction_exercide[m[Kâ€™ has not been declared
   12 |     [01;31m[Kaction_exercide[m[K::ChargingGoal goal;
      |     [01;31m[K^~~~~~~~~~~~~~~[m[K
[01m[K/home/nikolavukas/exercises_ws/src/action_exercise/src/charging_client.cpp:13:5:[m[K [01;31m[Kerror: [m[Kâ€˜[01m[Kgoal[m[Kâ€™ was not declared in this scope
   13 |     [01;31m[Kgoal[m[K.goal_charge = 87.7;
      |     [01;31m[K^~~~[m[K
make[2]: *** [CMakeFiles/charging_server.dir/build.make:63: CMakeFiles/charging_server.dir/src/charging_server.cpp.o] Error 1
make[1]: *** [CMakeFiles/Makefile2:274: CMakeFiles/charging_server.dir/all] Error 2
make[1]: *** Waiting for unfinished jobs....
make[2]: *** [CMakeFiles/charging_client.dir/build.make:63: CMakeFiles/charging_client.dir/src/charging_client.cpp.o] Error 1
make[1]: *** [CMakeFiles/Makefile2:217: CMakeFiles/charging_client.dir/all] Error 2
make: *** [Makefile:141: all] Error 2
