[  0%] Built target roscpp_generate_messages_eus
[  0%] Built target std_msgs_generate_messages_py
[  0%] Built target _action_exercise_generate_messages_check_deps_ChargingActionGoal
[  0%] Built target _action_exercise_generate_messages_check_deps_ChargingGoal
[  0%] Built target _action_exercise_generate_messages_check_deps_ChargingActionResult
[  0%] Built target _action_exercise_generate_messages_check_deps_ChargingActionFeedback
[  0%] Built target _action_exercise_generate_messages_check_deps_ChargingAction
[  0%] Built target actionlib_msgs_generate_messages_lisp
[  0%] Built target actionlib_msgs_generate_messages_py
[  0%] Built target std_msgs_generate_messages_lisp
[  0%] Built target std_msgs_generate_messages_eus
[  0%] Built target actionlib_msgs_generate_messages_nodejs
[  0%] Built target _action_exercise_generate_messages_check_deps_ChargingResult
[  0%] Built target std_msgs_generate_messages_nodejs
[  0%] Built target rosgraph_msgs_generate_messages_eus
[  0%] Built target _action_exercise_generate_messages_check_deps_ChargingFeedback
[  0%] Built target actionlib_msgs_generate_messages_eus
[  0%] Built target roscpp_generate_messages_py
[  0%] Built target actionlib_generate_messages_eus
[  0%] Built target actionlib_msgs_generate_messages_cpp
[  0%] Built target rosgraph_msgs_generate_messages_py
[  0%] Built target actionlib_generate_messages_nodejs
[  0%] Built target roscpp_generate_messages_lisp
[  0%] Built target _catkin_empty_exported_target
[  0%] Built target actionlib_generate_messages_py
[  0%] Built target actionlib_generate_messages_lisp
[  0%] Built target rosgraph_msgs_generate_messages_lisp
[  0%] Built target rosgraph_msgs_generate_messages_nodejs
[  0%] Built target actionlib_generate_messages_cpp
[  0%] Built target std_msgs_generate_messages_cpp
[  0%] Built target roscpp_generate_messages_nodejs
[  0%] Built target rosgraph_msgs_generate_messages_cpp
[  0%] Built target roscpp_generate_messages_cpp
[ 39%] Built target action_exercise_generate_messages_py
[ 39%] Built target action_exercise_generate_messages_lisp
[ 56%] Built target action_exercise_generate_messages_eus
[ 73%] Built target action_exercise_generate_messages_nodejs
[ 90%] Built target action_exercise_generate_messages_cpp
[35m[1mScanning dependencies of target charging_client[0m
[ 90%] Built target action_exercise_generate_messages
[ 92%] [32mBuilding CXX object CMakeFiles/charging_client.dir/src/charging_client.cpp.o[0m
[ 97%] Built target charging_server
In file included from [01m[K/usr/include/boost/function/detail/maybe_include.hpp:29[m[K,
                 from [01m[K/usr/include/boost/function/detail/function_iterate.hpp:14[m[K,
                 from [01m[K/usr/include/boost/preprocessor/iteration/detail/iter/forward1.hpp:58[m[K,
                 from [01m[K/usr/include/boost/function.hpp:71[m[K,
                 from [01m[K/opt/ros/noetic/include/ros/forwards.h:40[m[K,
                 from [01m[K/opt/ros/noetic/include/ros/common.h:37[m[K,
                 from [01m[K/opt/ros/noetic/include/ros/ros.h:43[m[K,
                 from [01m[K/home/nikolavukas/exercises_ws/src/action_exercise/src/charging_client.cpp:1[m[K:
/usr/include/boost/function/function_template.hpp: In instantiation of â€˜[01m[Kstatic void boost::detail::function::void_function_obj_invoker2<FunctionObj, R, T0, T1>::invoke(boost::detail::function::function_buffer&, T0, T1) [with FunctionObj = std::nullptr_t; R = void; T0 = const actionlib::SimpleClientGoalState&; T1 = const boost::shared_ptr<const action_exercise::ChargingResult_<std::allocator<void> > >&][m[Kâ€™:
[01m[K/usr/include/boost/function/function_template.hpp:931:38:[m[K   required from â€˜[01m[Kvoid boost::function2<R, T1, T2>::assign_to(Functor) [with Functor = std::nullptr_t; R = void; T0 = const actionlib::SimpleClientGoalState&; T1 = const boost::shared_ptr<const action_exercise::ChargingResult_<std::allocator<void> > >&][m[Kâ€™
[01m[K/usr/include/boost/function/function_template.hpp:720:7:[m[K   required from â€˜[01m[Kboost::function2<R, T1, T2>::function2(Functor, typename boost::enable_if_<(! boost::is_integral<Functor>::value), int>::type) [with Functor = std::nullptr_t; R = void; T0 = const actionlib::SimpleClientGoalState&; T1 = const boost::shared_ptr<const action_exercise::ChargingResult_<std::allocator<void> > >&; typename boost::enable_if_<(! boost::is_integral<Functor>::value), int>::type = int][m[Kâ€™
[01m[K/usr/include/boost/function/function_template.hpp:1068:16:[m[K   required from â€˜[01m[Kboost::function<R(T0, T1)>::function(Functor, typename boost::enable_if_<(! boost::is_integral<Functor>::value), int>::type) [with Functor = std::nullptr_t; R = void; T0 = const actionlib::SimpleClientGoalState&; T1 = const boost::shared_ptr<const action_exercise::ChargingResult_<std::allocator<void> > >&; typename boost::enable_if_<(! boost::is_integral<Functor>::value), int>::type = int][m[Kâ€™
[01m[K/home/nikolavukas/exercises_ws/src/action_exercise/src/charging_client.cpp:25:54:[m[K   required from here
[01m[K/usr/include/boost/function/function_template.hpp:158:11:[m[K [01;31m[Kerror: [m[Kexpression cannot be used as a function
  158 |           [01;31m[KBOOST_FUNCTION_RETURN[m[K((*f)(BOOST_FUNCTION_ARGS));
      |           [01;31m[K^~~~~~~~~~~~~~~~~~~~~[m[K
In file included from [01m[K/usr/include/boost/function/detail/maybe_include.hpp:15[m[K,
                 from [01m[K/usr/include/boost/function/detail/function_iterate.hpp:14[m[K,
                 from [01m[K/usr/include/boost/preprocessor/iteration/detail/iter/forward1.hpp:48[m[K,
                 from [01m[K/usr/include/boost/function.hpp:71[m[K,
                 from [01m[K/opt/ros/noetic/include/ros/forwards.h:40[m[K,
                 from [01m[K/opt/ros/noetic/include/ros/common.h:37[m[K,
                 from [01m[K/opt/ros/noetic/include/ros/ros.h:43[m[K,
                 from [01m[K/home/nikolavukas/exercises_ws/src/action_exercise/src/charging_client.cpp:1[m[K:
/usr/include/boost/function/function_template.hpp: In instantiation of â€˜[01m[Kstatic void boost::detail::function::void_function_obj_invoker0<FunctionObj, R>::invoke(boost::detail::function::function_buffer&) [with FunctionObj = std::nullptr_t; R = void][m[Kâ€™:
[01m[K/usr/include/boost/function/function_template.hpp:931:38:[m[K   required from â€˜[01m[Kvoid boost::function0<R>::assign_to(Functor) [with Functor = std::nullptr_t; R = void][m[Kâ€™
[01m[K/usr/include/boost/function/function_template.hpp:720:7:[m[K   required from â€˜[01m[Kboost::function0<R>::function0(Functor, typename boost::enable_if_<(! boost::is_integral<Functor>::value), int>::type) [with Functor = std::nullptr_t; R = void; typename boost::enable_if_<(! boost::is_integral<Functor>::value), int>::type = int][m[Kâ€™
[01m[K/usr/include/boost/function/function_template.hpp:1068:16:[m[K   required from â€˜[01m[Kboost::function<R()>::function(Functor, typename boost::enable_if_<(! boost::is_integral<Functor>::value), int>::type) [with Functor = std::nullptr_t; R = void; typename boost::enable_if_<(! boost::is_integral<Functor>::value), int>::type = int][m[Kâ€™
[01m[K/home/nikolavukas/exercises_ws/src/action_exercise/src/charging_client.cpp:25:54:[m[K   required from here
[01m[K/usr/include/boost/function/function_template.hpp:158:11:[m[K [01;31m[Kerror: [m[Kexpression cannot be used as a function
  158 |           [01;31m[KBOOST_FUNCTION_RETURN[m[K((*f)(BOOST_FUNCTION_ARGS));
      |           [01;31m[K^~~~~~~~~~~~~~~~~~~~~[m[K
make[2]: *** [CMakeFiles/charging_client.dir/build.make:63: CMakeFiles/charging_client.dir/src/charging_client.cpp.o] Error 1
make[1]: *** [CMakeFiles/Makefile2:217: CMakeFiles/charging_client.dir/all] Error 2
make: *** [Makefile:141: all] Error 2
